This is pdfeTeX, Version 3.141592-1.21a-2.2 (Web2C 7.5.4) (format=latex 2011.1.20)  3 JUN 2011 17:39
entering extended mode
**bookoutline
(./bookoutline.tex
LaTeX2e <2003/12/01>
Babel <v3.8d> and hyphenation patterns for american, french, german, ngerman, b
ahasa, basque, bulgarian, catalan, croatian, czech, danish, dutch, esperanto, e
stonian, finnish, greek, icelandic, irish, italian, latin, magyar, norsk, polis
h, portuges, romanian, russian, serbian, slovak, slovene, spanish, swedish, tur
kish, ukrainian, nohyphenation, loaded.
(/usr/share/texmf/tex/latex/base/book.cls
Document Class: book 2004/02/16 v1.4f Standard LaTeX document class
(/usr/share/texmf/tex/latex/base/bk12.clo
File: bk12.clo 2004/02/16 v1.4f Standard LaTeX file (size option)
)
\c@part=\count79
\c@chapter=\count80
\c@section=\count81
\c@subsection=\count82
\c@subsubsection=\count83
\c@paragraph=\count84
\c@subparagraph=\count85
\c@figure=\count86
\c@table=\count87
\abovecaptionskip=\skip41
\belowcaptionskip=\skip42
\bibindent=\dimen102
)
(/usr/share/texmf/tex/latex/base/inputenc.sty
Package: inputenc 2004/02/05 v1.0d Input encoding file

(/usr/share/texmf/tex/latex/base/ansinew.def
File: ansinew.def 2004/02/05 v1.0d Input encoding file
))
(/usr/share/texmf/tex/latex/base/makeidx.sty
Package: makeidx 2000/03/29 v1.0m Standard LaTeX package
)
(/usr/share/texmf/tex/latex/graphics/graphicx.sty
Package: graphicx 1999/02/16 v1.0f Enhanced LaTeX Graphics (DPC,SPQR)

(/usr/share/texmf/tex/latex/graphics/keyval.sty
Package: keyval 1999/03/16 v1.13 key=value parser (DPC)
\KV@toks@=\toks14
)
(/usr/share/texmf/tex/latex/graphics/graphics.sty
Package: graphics 2001/07/07 v1.0n Standard LaTeX Graphics (DPC,SPQR)

(/usr/share/texmf/tex/latex/graphics/trig.sty
Package: trig 1999/03/16 v1.09 sin cos tan (DPC)
)
(/usr/share/texmf/tex/latex/graphics/graphics.cfg
File: graphics.cfg 2005/02/03 v1.3 graphics configuration of teTeX/TeXLive
)
Package graphics Info: Driver file: dvips.def on input line 80.

(/usr/share/texmf/tex/latex/graphics/dvips.def
File: dvips.def 1999/02/16 v3.0i Driver-dependant file (DPC,SPQR)
))
\Gin@req@height=\dimen103
\Gin@req@width=\dimen104
)
(/usr/share/texmf/tex/latex/tools/dcolumn.sty
Package: dcolumn 2001/05/28 v1.06 decimal alignment package (DPC)

(/usr/share/texmf/tex/latex/tools/array.sty
Package: array 2003/12/17 v2.4a Tabular extension package (FMi)
\col@sep=\dimen105
\extrarowheight=\dimen106
\NC@list=\toks15
\extratabsurround=\skip43
\backup@length=\skip44
))
(/usr/share/texmf/tex/latex/amsfonts/amssymb.sty
Package: amssymb 2002/01/22 v2.2d

(/usr/share/texmf/tex/latex/amsfonts/amsfonts.sty
Package: amsfonts 2001/10/25 v2.2f
\@emptytoks=\toks16
\symAMSa=\mathgroup4
\symAMSb=\mathgroup5
LaTeX Font Info:    Overwriting math alphabet `\mathfrak' in version `bold'
(Font)                  U/euf/m/n --> U/euf/b/n on input line 132.
))
(/usr/share/texmf/tex/latex/amsmath/amsmath.sty
Package: amsmath 2000/07/18 v2.13 AMS math features
\@mathmargin=\skip45

For additional information on amsmath, use the `?' option.
(/usr/share/texmf/tex/latex/amsmath/amstext.sty
Package: amstext 2000/06/29 v2.01

(/usr/share/texmf/tex/latex/amsmath/amsgen.sty
File: amsgen.sty 1999/11/30 v2.0
\@emptytoks=\toks17
\ex@=\dimen107
))
(/usr/share/texmf/tex/latex/amsmath/amsbsy.sty
Package: amsbsy 1999/11/29 v1.2d
\pmbraise@=\dimen108
)
(/usr/share/texmf/tex/latex/amsmath/amsopn.sty
Package: amsopn 1999/12/14 v2.01 operator names
)
\inf@bad=\count88
LaTeX Info: Redefining \frac on input line 211.
\uproot@=\count89
\leftroot@=\count90
LaTeX Info: Redefining \overline on input line 307.
\classnum@=\count91
\DOTSCASE@=\count92
LaTeX Info: Redefining \ldots on input line 379.
LaTeX Info: Redefining \dots on input line 382.
LaTeX Info: Redefining \cdots on input line 467.
\Mathstrutbox@=\box26
\strutbox@=\box27
\big@size=\dimen109
LaTeX Font Info:    Redeclaring font encoding OML on input line 567.
LaTeX Font Info:    Redeclaring font encoding OMS on input line 568.
\macc@depth=\count93
\c@MaxMatrixCols=\count94
\dotsspace@=\muskip10
\c@parentequation=\count95
\dspbrk@lvl=\count96
\tag@help=\toks18
\row@=\count97
\column@=\count98
\maxfields@=\count99
\andhelp@=\toks19
\eqnshift@=\dimen110
\alignsep@=\dimen111
\tagshift@=\dimen112
\tagwidth@=\dimen113
\totwidth@=\dimen114
\lineht@=\dimen115
\@envbody=\toks20
\multlinegap=\skip46
\multlinetaggap=\skip47
\mathdisplay@stack=\toks21
LaTeX Info: Redefining \[ on input line 2666.
LaTeX Info: Redefining \] on input line 2667.
)
(/usr/share/texmf/tex/latex/cite/cite.sty
LaTeX Info: Redefining \cite on input line 149.
LaTeX Info: Redefining \nocite on input line 214.
Package: cite 2003/11/04  v 4.01
)
(/usr/share/texmf/tex/latex/rotating/rotating.sty
Package: rotating 1997/09/26 v2.13 Rotation package

(/usr/share/texmf/tex/latex/base/ifthen.sty
Package: ifthen 2001/05/26 v1.1c Standard LaTeX ifthen package (DPC)
)
\c@r@tfl@t=\count100
\rot@float@box=\box28
)
\@indexfile=\write3
\openout3 = `bookoutline.idx'.


Writing index file bookoutline.idx
(./bookoutline.aux (./Chapter1.aux) (./Chapter2.aux) (./Chapter3.aux)
(./Chapter4.aux

LaTeX Warning: Label `Fig:Cation_Placement' multiply defined.


LaTeX Warning: Label `Fig:YP8_HOMO_alongdipole' multiply defined.


LaTeX Warning: Label `Fig:YP8_HOMO_alongdipole' multiply defined.


LaTeX Warning: Label `Fig:YP8_HOMO_alongdipole' multiply defined.


LaTeX Warning: Label `Fig:YP8_HOMO_alongdipole' multiply defined.

) (./Chapter5.aux) (./Chapter6.aux) (./Chapter7.aux))
\openout1 = `bookoutline.aux'.

LaTeX Font Info:    Checking defaults for OML/cmm/m/it on input line 30.
LaTeX Font Info:    ... okay on input line 30.
LaTeX Font Info:    Checking defaults for T1/cmr/m/n on input line 30.
LaTeX Font Info:    ... okay on input line 30.
LaTeX Font Info:    Checking defaults for OT1/cmr/m/n on input line 30.
LaTeX Font Info:    ... okay on input line 30.
LaTeX Font Info:    Checking defaults for OMS/cmsy/m/n on input line 30.
LaTeX Font Info:    ... okay on input line 30.
LaTeX Font Info:    Checking defaults for OMX/cmex/m/n on input line 30.
LaTeX Font Info:    ... okay on input line 30.
LaTeX Font Info:    Checking defaults for U/cmr/m/n on input line 30.
LaTeX Font Info:    ... okay on input line 30.
LaTeX Font Info:    Try loading font information for U+msa on input line 49.

(/usr/share/texmf/tex/latex/amsfonts/umsa.fd
File: umsa.fd 2002/01/19 v2.2g AMS font definitions
)
LaTeX Font Info:    Try loading font information for U+msb on input line 49.

(/usr/share/texmf/tex/latex/amsfonts/umsb.fd
File: umsb.fd 2002/01/19 v2.2g AMS font definitions
) [1



] (./bookoutline.toc [1

]
[2])
\tf@toc=\write4
\openout4 = `bookoutline.toc'.

 [3] [4

]
\openout2 = `Chapter1.aux'.

 (./Chapter1.tex
Chapter 1.
) [1



]
\openout2 = `Chapter2.aux'.

 (./Chapter2.tex
Chapter 2.
[2



] [3] [4] [5] [6] [7]

LaTeX Warning: Citation `???' on page 8 undefined on input line 175.

[8]
LaTeX Font Info:    Try loading font information for OMS+cmr on input line 214.

 (/usr/share/texmf/tex/latex/base/omscmr.fd
File: omscmr.fd 1999/05/25 v2.5h Standard LaTeX font definitions
)
LaTeX Font Info:    Font shape `OMS/cmr/m/n' in size <12> not available
(Font)              Font shape `OMS/cmsy/m/n' tried instead on input line 214.
 [9] [10] [11] [12] [13]
[14]
Overfull \hbox (58.63896pt too wide) in paragraph at lines 428--428
[] 
 []

[15]) [16]
\openout2 = `Chapter3.aux'.

 (./Chapter3.tex
Chapter 3.

Overfull \hbox (13.25778pt too wide) in paragraph at lines 4--4
[]\OT1/cmr/bx/n/17.28 Solvent Ef-fects in Elec-tronic Struc-ture Cal-
 []

) [17



]
\openout2 = `Chapter4.aux'.

 (./Chapter4.tex
Chapter 4.
\panelwidth=\skip48
\capwidth=\skip49
File: Graphics/YP-01.cations.B3LYP-STO3G.ecce.DOS.eps Graphic file (type eps)
<Graphics/YP-01.cations.B3LYP-STO3G.ecce.DOS.eps>
File: Graphics/YP-01.cations.B3LYP-SBK.ecce.DOS.eps Graphic file (type eps)

<Graphics/YP-01.cations.B3LYP-SBK.ecce.DOS.eps>
Overfull \hbox (12.3005pt too wide) in paragraph at lines 28--45
[][] 
 []

[18



] [19]
File: Graphics/DNA_Trimer_BasisSetDependence/AGC.B3LYP-321G.HOMO.eps Graphic fi
le (type eps)
 <Graphics/DNA_Trimer_BasisSetDependence/AGC.B3LYP-321G.HOMO.eps>
File: Graphics/DNA_Trimer_BasisSetDependence/AGC.B3LYP-ccpVTZ.HOMO.eps Graphic 
file (type eps)

<Graphics/DNA_Trimer_BasisSetDependence/AGC.B3LYP-ccpVTZ.HOMO.eps>
File: Graphics/DNA_Trimer_BasisSetDependence/AGC.B3LYP-pAhlrichs.HOMO.eps Graph
ic file (type eps)

<Graphics/DNA_Trimer_BasisSetDependence/AGC.B3LYP-pAhlrichs.HOMO.eps>
File: Graphics/DNA_Trimer_BasisSetDependence/AGC.B3LYP-SBK.HOMO.eps Graphic fil
e (type eps)

<Graphics/DNA_Trimer_BasisSetDependence/AGC.B3LYP-SBK.HOMO.eps>
Overfull \hbox (12.3005pt too wide) in paragraph at lines 87--116
[][] 
 []


Overfull \hbox (23.66579pt too wide) in paragraph at lines 120--120
[]\OT1/cmr/bx/n/17.28 Large-scale Cal-cu-la-tions of Elec-tronic Struc-
 []

File: Graphics/AGCT_SBK-HOMO.eps Graphic file (type eps)
<Graphics/AGCT_SBK-HOMO.eps>
File: Graphics/AAGCTT_SBK-HOMO.eps Graphic file (type eps)
 <Graphics/AAGCTT_SBK-HOMO.eps>

LaTeX Warning: Command \r invalid in math mode on input line 175.


LaTeX Warning: Command \r invalid in math mode on input line 180.

[20] (./Graphics/CationPlacement.tex
\plotpoint=\box29
)
File: Graphics/CationPlacement.eps Graphic file (type eps)
 <Graphics/CationPlacement.eps>
File: Graphics/YP-15_LocalSCF-PM3-HOMO.v2.eps Graphic file (type eps)

<Graphics/YP-15_LocalSCF-PM3-HOMO.v2.eps>
File: Graphics/YP-15_STO3G-HOMO.v2.eps Graphic file (type eps)
 <Graphics/YP-15_STO3G-HOMO.v2.eps>
File: Graphics/YP-15_SBK-HOMO.v2.eps Graphic file (type eps)

<Graphics/YP-15_SBK-HOMO.v2.eps>
Overfull \hbox (17.45193pt too wide) in paragraph at lines 204--210
 [][] 
 []

Adding sideways figure on  right hand page [21] [22] [23]

LaTeX Warning: Reference `basis_pAhlrichs' on page 24 undefined on input line 3
11.


Underfull \hbox (badness 10000) in paragraph at lines 318--318
[]\OT1/cmr/m/n/12 NOTE:
 []


Underfull \hbox (badness 10000) in paragraph at lines 318--318
\OT1/cmr/m/n/12 to put
 []


Underfull \hbox (badness 10000) in paragraph at lines 318--318
\OT1/cmr/m/n/12 the or-
 []


Underfull \hbox (badness 10000) in paragraph at lines 318--318
\OT1/cmr/m/n/12 bital
 []


Underfull \hbox (badness 10000) in paragraph at lines 318--318
\OT1/cmr/m/n/12 en-er-gies
 []


Underfull \hbox (badness 10000) in paragraph at lines 318--318
\OT1/cmr/m/n/12 ob-tained
 []


Underfull \hbox (badness 10000) in paragraph at lines 318--318
\OT1/cmr/m/n/12 coun-
 []


Underfull \hbox (badness 10000) in paragraph at lines 318--318
\OT1/cmr/m/n/12 te-ri-ons
 []


Overfull \hbox (7.93454pt too wide) in paragraph at lines 322--347
[][] 
 []

Adding sideways figure on  right hand page
Overfull \hbox (13.21028pt too wide) in paragraph at lines 355--383
[][] 
 []


Underfull \hbox (badness 10000) in paragraph at lines 391--391
[]\OT1/cmr/m/n/12 Q:
 []


Underfull \hbox (badness 10000) in paragraph at lines 391--391
\OT1/cmr/m/n/12 Should
 []


Underfull \hbox (badness 10000) in paragraph at lines 391--391
\OT1/cmr/m/n/12 we re-
 []


Underfull \hbox (badness 1558) in paragraph at lines 391--391
\OT1/cmr/m/n/12 port the
 []


Underfull \hbox (badness 10000) in paragraph at lines 391--391
\OT1/cmr/m/n/12 av-er-age
 []


Underfull \hbox (badness 10000) in paragraph at lines 391--391
\OT1/cmr/m/n/12 charge
 []


Underfull \hbox (badness 10000) in paragraph at lines 391--391
\OT1/cmr/m/n/12 on the
 []


Underfull \hbox (badness 10000) in paragraph at lines 391--391
\OT1/cmr/m/n/12 ex-o-cyclic
 []


LaTeX Warning: Marginpar on page 24 moved.

[24] [25] [26]
File: Graphics/YP-08_SBK-HOMO.downDipole.eps Graphic file (type eps)
 <Graphics/YP-08_SBK-HOMO.downDipole.eps>
File: Graphics/YP-08_STO3G-HOMO.eps Graphic file (type eps)

<Graphics/YP-08_STO3G-HOMO.eps>
File: Graphics/YP-08-SBK-Charge.eps Graphic file (type eps)
 <Graphics/YP-08-SBK-Charge.eps>
File: Graphics/YP-08_SBK-HOMO.eps Graphic file (type eps)

<Graphics/YP-08_SBK-HOMO.eps>
File: Graphics/YP-15_SBK-HOMO.downDipole.eps Graphic file (type eps)
 <Graphics/YP-15_SBK-HOMO.downDipole.eps>)
[27] [28] [29] [30] [31] [32] [33] [34] [35] [36] [37]
\openout2 = `Chapter5.aux'.

 (./Chapter5.tex
Chapter 5.
) [38



]
\openout2 = `Chapter6.aux'.

 (./Chapter6.tex
Chapter 6.
) [39



]
\openout2 = `Chapter7.aux'.

 (./Chapter7.tex
Chapter 7.

Overfull \hbox (25.10786pt too wide) in paragraph at lines 6--6
[]\OT1/cmr/bx/n/17.28 What Do We Lose With Ap-prox-i-mate Meth-
 []

) [40



] (./bookoutline.bbl [41


] [42]) (./bookoutline.ind [43] [44


])
(./bookoutline.aux (./Chapter1.aux) (./Chapter2.aux) (./Chapter3.aux)
(./Chapter4.aux) (./Chapter5.aux) (./Chapter6.aux) (./Chapter7.aux))

LaTeX Warning: There were undefined references.


LaTeX Warning: There were multiply-defined labels.

 ) 
Here is how much of TeX's memory you used:
 1920 strings out of 94501
 22939 string characters out of 1176789
 108295 words of memory out of 1000000
 4993 multiletter control sequences out of 10000+50000
 14338 words of font info for 54 fonts, out of 500000 for 2000
 580 hyphenation exceptions out of 1000
 27i,13n,25p,1019b,390s stack positions out of 1500i,500n,5000p,200000b,5000s

Output written on bookoutline.dvi (49 pages, 118432 bytes).
